# JRE version: Java(TM) SE Runtime Environment (22.0.2+9) (build 22.0.2+9-70)
# Java VM: Java HotSpot(TM) 64-Bit Server VM (22.0.2+9-70, mixed mode, sharing, tiered, compressed oops, compressed class ptrs, g1 gc, bsd-aarch64)
GC Precious Log:
 CardTable entry size: 512
 Card Set container configuration: InlinePtr #cards 5 size 8 Array Of Cards #cards 12 size 40 Howl #buckets 4 coarsen threshold 1843 Howl Bitmap #cards 512 size 80 coarsen threshold 460 Card regions per heap region 1 cards per card region 2048
 CPUs: 8 total, 8 available
 Memory: 8192M
 Large Page Support: Disabled
 NUMA Support: Disabled
 Compressed Oops: Enabled (Zero based)
 Heap Region Size: 1M
 Heap Min Capacity: 8M
 Heap Initial Capacity: 128M
 Heap Max Capacity: 1G
 Pre-touch: Disabled
 Parallel Workers: 8
 Concurrent Workers: 2
 Concurrent Refinement Workers: 8
 Periodic GC: Disabled
Heap:
 garbage-first heap   total reserved 1048576K, committed 273408K, used 168954K [0x00000007c0000000, 0x0000000800000000)
  region size 1024K, 89 young (91136K), 1 survivors (1024K)
 Metaspace       used 11249K, committed 11520K, reserved 1114112K
  class space    used 1693K, committed 1856K, reserved 1048576K
GC Heap History (20 events):
Event: 4.604 GC heap before
{Heap before GC invocations=35 (full 8):
 garbage-first heap   total reserved 1048576K, committed 273408K, used 242688K [0x00000007c0000000, 0x0000000800000000)
  region size 1024K, 160 young (163840K), 1 survivors (1024K)
 Metaspace       used 11126K, committed 11328K, reserved 1114112K
  class space    used 1677K, committed 1792K, reserved 1048576K
}
Event: 4.605 GC heap after
{Heap after GC invocations=36 (full 8):
 garbage-first heap   total reserved 1048576K, committed 273408K, used 79914K [0x00000007c0000000, 0x0000000800000000)
  region size 1024K, 1 young (1024K), 1 survivors (1024K)
 Metaspace       used 11126K, committed 11328K, reserved 1114112K
  class space    used 1677K, committed 1792K, reserved 1048576K
}
Event: 4.905 GC heap before
{Heap before GC invocations=36 (full 8):
 garbage-first heap   total reserved 1048576K, committed 273408K, used 242730K [0x00000007c0000000, 0x0000000800000000)
  region size 1024K, 160 young (163840K), 1 survivors (1024K)
 Metaspace       used 11131K, committed 11328K, reserved 1114112K
  class space    used 1677K, committed 1792K, reserved 1048576K
}
Event: 4.906 GC heap after
{Heap after GC invocations=37 (full 8):
 garbage-first heap   total reserved 1048576K, committed 273408K, used 79882K [0x00000007c0000000, 0x0000000800000000)
  region size 1024K, 1 young (1024K), 1 survivors (1024K)
 Metaspace       used 11131K, committed 11328K, reserved 1114112K
  class space    used 1677K, committed 1792K, reserved 1048576K
}
Event: 5.141 GC heap before
{Heap before GC invocations=37 (full 8):
 garbage-first heap   total reserved 1048576K, committed 273408K, used 242698K [0x00000007c0000000, 0x0000000800000000)
  region size 1024K, 160 young (163840K), 1 survivors (1024K)
 Metaspace       used 11135K, committed 11392K, reserved 1114112K
  class space    used 1677K, committed 1792K, reserved 1048576K
}
Event: 5.142 GC heap after
{Heap after GC invocations=38 (full 8):
 garbage-first heap   total reserved 1048576K, committed 273408K, used 79898K [0x00000007c0000000, 0x0000000800000000)
  region size 1024K, 1 young (1024K), 1 survivors (1024K)
 Metaspace       used 11135K, committed 11392K, reserved 1114112K
  class space    used 1677K, committed 1792K, reserved 1048576K
}
Event: 5.347 GC heap before
{Heap before GC invocations=38 (full 8):
 garbage-first heap   total reserved 1048576K, committed 273408K, used 242714K [0x00000007c0000000, 0x0000000800000000)
  region size 1024K, 160 young (163840K), 1 survivors (1024K)
 Metaspace       used 11136K, committed 11392K, reserved 1114112K
  class space    used 1677K, committed 1792K, reserved 1048576K
}
Event: 5.348 GC heap after
{Heap after GC invocations=39 (full 8):
 garbage-first heap   total reserved 1048576K, committed 273408K, used 79888K [0x00000007c0000000, 0x0000000800000000)
  region size 1024K, 1 young (1024K), 1 survivors (1024K)
 Metaspace       used 11136K, committed 11392K, reserved 1114112K
  class space    used 1677K, committed 1792K, reserved 1048576K
}
Event: 5.551 GC heap before
{Heap before GC invocations=39 (full 8):
 garbage-first heap   total reserved 1048576K, committed 273408K, used 242704K [0x00000007c0000000, 0x0000000800000000)
  region size 1024K, 160 young (163840K), 1 survivors (1024K)
 Metaspace       used 11139K, committed 11392K, reserved 1114112K
  class space    used 1677K, committed 1792K, reserved 1048576K
}
Event: 5.552 GC heap after
{Heap after GC invocations=40 (full 8):
 garbage-first heap   total reserved 1048576K, committed 273408K, used 79884K [0x00000007c0000000, 0x0000000800000000)
  region size 1024K, 1 young (1024K), 1 survivors (1024K)
 Metaspace       used 11139K, committed 11392K, reserved 1114112K
  class space    used 1677K, committed 1792K, reserved 1048576K
}
Event: 5.768 GC heap before
{Heap before GC invocations=40 (full 8):
 garbage-first heap   total reserved 1048576K, committed 273408K, used 242700K [0x00000007c0000000, 0x0000000800000000)
  region size 1024K, 160 young (163840K), 1 survivors (1024K)
 Metaspace       used 11139K, committed 11392K, reserved 1114112K
  class space    used 1677K, committed 1792K, reserved 1048576K
}
Event: 5.769 GC heap after
{Heap after GC invocations=41 (full 8):
 garbage-first heap   total reserved 1048576K, committed 273408K, used 79886K [0x00000007c0000000, 0x0000000800000000)
  region size 1024K, 1 young (1024K), 1 survivors (1024K)
 Metaspace       used 11139K, committed 11392K, reserved 1114112K
  class space    used 1677K, committed 1792K, reserved 1048576K
}
Event: 5.976 GC heap before
{Heap before GC invocations=41 (full 8):
 garbage-first heap   total reserved 1048576K, committed 273408K, used 242702K [0x00000007c0000000, 0x0000000800000000)
  region size 1024K, 160 young (163840K), 1 survivors (1024K)
 Metaspace       used 11140K, committed 11392K, reserved 1114112K
  class space    used 1677K, committed 1792K, reserved 1048576K
}
Event: 5.977 GC heap after
{Heap after GC invocations=42 (full 8):
 garbage-first heap   total reserved 1048576K, committed 273408K, used 79898K [0x00000007c0000000, 0x0000000800000000)
  region size 1024K, 1 young (1024K), 1 survivors (1024K)
 Metaspace       used 11140K, committed 11392K, reserved 1114112K
  class space    used 1677K, committed 1792K, reserved 1048576K
}
Event: 6.236 GC heap before
{Heap before GC invocations=42 (full 8):
 garbage-first heap   total reserved 1048576K, committed 273408K, used 242714K [0x00000007c0000000, 0x0000000800000000)
  region size 1024K, 160 young (163840K), 1 survivors (1024K)
 Metaspace       used 11142K, committed 11392K, reserved 1114112K
  class space    used 1677K, committed 1792K, reserved 1048576K
}
Event: 6.238 GC heap after
{Heap after GC invocations=43 (full 8):
 garbage-first heap   total reserved 1048576K, committed 273408K, used 79923K [0x00000007c0000000, 0x0000000800000000)
  region size 1024K, 1 young (1024K), 1 survivors (1024K)
 Metaspace       used 11142K, committed 11392K, reserved 1114112K
  class space    used 1677K, committed 1792K, reserved 1048576K
}
Event: 6.486 GC heap before
{Heap before GC invocations=43 (full 8):
 garbage-first heap   total reserved 1048576K, committed 273408K, used 242739K [0x00000007c0000000, 0x0000000800000000)
  region size 1024K, 160 young (163840K), 1 survivors (1024K)
 Metaspace       used 11146K, committed 11392K, reserved 1114112K
  class space    used 1677K, committed 1792K, reserved 1048576K
}
Event: 6.487 GC heap after
{Heap after GC invocations=44 (full 8):
 garbage-first heap   total reserved 1048576K, committed 273408K, used 79860K [0x00000007c0000000, 0x0000000800000000)
  region size 1024K, 1 young (1024K), 1 survivors (1024K)
 Metaspace       used 11146K, committed 11392K, reserved 1114112K
  class space    used 1677K, committed 1792K, reserved 1048576K
}
Event: 6.717 GC heap before
{Heap before GC invocations=44 (full 8):
 garbage-first heap   total reserved 1048576K, committed 273408K, used 242676K [0x00000007c0000000, 0x0000000800000000)
  region size 1024K, 160 young (163840K), 1 survivors (1024K)
 Metaspace       used 11147K, committed 11392K, reserved 1114112K
  class space    used 1677K, committed 1792K, reserved 1048576K
}
Event: 6.718 GC heap after
{Heap after GC invocations=45 (full 8):
 garbage-first heap   total reserved 1048576K, committed 273408K, used 79866K [0x00000007c0000000, 0x0000000800000000)
  region size 1024K, 1 young (1024K), 1 survivors (1024K)
 Metaspace       used 11147K, committed 11392K, reserved 1114112K
  class space    used 1677K, committed 1792K, reserved 1048576K
}

